<?xml version="1.0" encoding="UTF-8"?>
<testsuite xmlns:xsi="http://www.w3.org/2001/XMLSchema-instance" xsi:noNamespaceSchemaLocation="https://maven.apache.org/surefire/maven-surefire-plugin/xsd/surefire-test-report-3.0.xsd" version="3.0" name="com.everis.calculadorasimples.CalculadoraTest" time="0.521" tests="9" errors="0" skipped="0" failures="1">
  <properties>
[...]
</properties>
  <testcase name="testaSomaMenosIngenuo" classname="com.everis.calculadorasimples.CalculadoraTest" time="0.032"/>
  <testcase name="deveResultarQuatroAoSomarDoisEDois" classname="com.everis.calculadorasimples.CalculadoraTest" time="0.009"/>
  <testcase name="deveResultarZeroAoSomarDoisEMenosDois" classname="com.everis.calculadorasimples.CalculadoraTest" time="0.001"/>
  <testcase name="validaMultiplasSomasArqCSV(double, double, double)[1]" classname="com.everis.calculadorasimples.CalculadoraTest" time="0.074"/>
  <testcase name="validaMultiplasSomasArqCSV(double, double, double)[2]" classname="com.everis.calculadorasimples.CalculadoraTest" time="0.002"/>
  <testcase name="validaMultiplasSomasArqCSV(double, double, double)[3]" classname="com.everis.calculadorasimples.CalculadoraTest" time="0.003"/>
  <testcase name="divisaoPorZeroGeraExcecao" classname="com.everis.calculadorasimples.CalculadoraTest" time="0.003"/>
  <testcase name="validaMultiplasSomasCSV(double, double, double)[1]" classname="com.everis.calculadorasimples.CalculadoraTest" time="0.001"/>
  <testcase name="validaMultiplasSomasCSV(double, double, double)[2]" classname="com.everis.calculadorasimples.CalculadoraTest" time="0.006">
    <failure type="org.opentest4j.AssertionFailedError"><![CDATA[org.opentest4j.AssertionFailedError: expected: <6.0> but was: <5.0>
	at com.everis.calculadorasimples.CalculadoraTest.validaMultiplasSomasCSV(CalculadoraTest.java:66)
]]></failure>
  </testcase>
</testsuite>